<?xml version="1.0" encoding="UTF-8"?>
<robot generator="Robot 7.4.2 (Python 3.14.5 on win32)" generated="2026-05-27T11:00:46.216072" rpa="false" schemaversion="5">
<suite id="s1" name="01 First demo" source="C:\Users\cs\Desktop\RobotFramework\projects\01_First_demo">
<suite id="s1-s1" name="Tests" source="C:\Users\cs\Desktop\RobotFramework\projects\01_First_demo\tests">
<suite id="s1-s1-s1" name="Sap 2" source="C:\Users\cs\Desktop\RobotFramework\projects\01_First_demo\tests\sap_2.robot">
<kw name="Enable Screenshots On Error" owner="SapGuiLibrary" type="SETUP">
<doc>Enables automatic screenshots on error.</doc>
<status status="PASS" start="2026-05-27T11:00:46.320859" elapsed="0.000323"/>
</kw>
<test id="s1-s1-s1-t1" name="Вход в SAP систему" line="15">
<kw name="Connect To Session" owner="SapGuiLibrary">
<doc>Connects to an open session SAP.</doc>
<status status="PASS" start="2026-05-27T11:00:46.325414" elapsed="0.015587"/>
</kw>
<kw name="Open Connection" owner="SapGuiLibrary">
<arg>Sapland 003</arg>
<doc>Opens a connection to the given connection name. Be sure to provide the full connection name, including the bracket part.</doc>
<status status="PASS" start="2026-05-27T11:00:46.341450" elapsed="1.757843"/>
</kw>
<kw name="Input Text" owner="SapGuiLibrary">
<msg time="2026-05-27T11:00:48.154798" level="INFO">Typing text '100' into text field '/app/con[0]/ses[0]/wnd[0]/usr/txtRSYST-MANDT'.</msg>
<arg>${SAPSCREEN}/usr/txtRSYST-MANDT</arg>
<arg>100</arg>
<doc>Inserts the given text into the text field identified by locator.
Use keyword `input password` to insert a password in a text field.</doc>
<status status="PASS" start="2026-05-27T11:00:48.099675" elapsed="0.058041"/>
</kw>
<kw name="Input Text" owner="SapGuiLibrary">
<msg time="2026-05-27T11:00:48.179583" level="INFO">Typing text 'nkalutskiy' into text field '/app/con[0]/ses[0]/wnd[0]/usr/txtRSYST-BNAME'.</msg>
<arg>${SAPSCREEN}/usr/txtRSYST-BNAME</arg>
<arg>nkalutskiy</arg>
<doc>Inserts the given text into the text field identified by locator.
Use keyword `input password` to insert a password in a text field.</doc>
<status status="PASS" start="2026-05-27T11:00:48.158422" elapsed="0.023404"/>
</kw>
<kw name="Input Password" owner="SapGuiLibrary">
<msg time="2026-05-27T11:00:48.197158" level="INFO">Typing password into text field '/app/con[0]/ses[0]/wnd[0]/usr/pwdRSYST-BCODE'.</msg>
<arg>${SAPSCREEN}/usr/pwdRSYST-BCODE</arg>
<arg>Init_12345678</arg>
<doc>Inserts the given password into the text field identified by locator.
The password is not recorded in the log.</doc>
<status status="PASS" start="2026-05-27T11:00:48.182172" elapsed="0.015459"/>
</kw>
<kw name="Input Text" owner="SapGuiLibrary">
<msg time="2026-05-27T11:00:48.219502" level="INFO">Typing text 'RU' into text field '/app/con[0]/ses[0]/wnd[0]/usr/txtRSYST-LANGU'.</msg>
<arg>${SAPSCREEN}/usr/txtRSYST-LANGU</arg>
<arg>RU</arg>
<doc>Inserts the given text into the text field identified by locator.
Use keyword `input password` to insert a password in a text field.</doc>
<status status="PASS" start="2026-05-27T11:00:48.198459" elapsed="0.021306"/>
</kw>
<kw name="Click Element" owner="SapGuiLibrary">
<arg>${SAPSCREEN}/mbar/menu[0]/menu[0]</arg>
<doc>Performs a single click on a given element. Used only for buttons, tabs and menu items.</doc>
<status status="PASS" start="2026-05-27T11:00:48.220296" elapsed="0.238809"/>
</kw>
<status status="PASS" start="2026-05-27T11:00:46.321364" elapsed="2.138194"/>
</test>
<test id="s1-s1-s1-t2" name="Открыть транзакцию EC_TUTORIAL_TCD" line="26">
<kw name="Run Transaction" owner="SapGuiLibrary">
<arg>EC_TUTORIAL_TCD</arg>
<doc>Runs a Sap transaction. An error is given when an unknown transaction is specified.</doc>
<status status="PASS" start="2026-05-27T11:00:48.471716" elapsed="0.241174"/>
</kw>
<kw name="Input Text" owner="SapGuiLibrary">
<msg time="2026-05-27T11:00:48.739923" level="INFO">Typing text 'LH' into text field '/app/con[0]/ses[0]/wnd[0]/usr/ctxtSDYN_CONN-CARRID'.</msg>
<arg>${SAPSCREEN}/usr/ctxtSDYN_CONN-CARRID</arg>
<arg>LH</arg>
<doc>Inserts the given text into the text field identified by locator.
Use keyword `input password` to insert a password in a text field.</doc>
<status status="PASS" start="2026-05-27T11:00:48.713640" elapsed="0.026665"/>
</kw>
<kw name="Input Text" owner="SapGuiLibrary">
<msg time="2026-05-27T11:00:48.765461" level="INFO">Typing text '0400' into text field '/app/con[0]/ses[0]/wnd[0]/usr/ctxtSDYN_CONN-CONNID'.</msg>
<arg>${SAPSCREEN}/usr/ctxtSDYN_CONN-CONNID</arg>
<arg>0400</arg>
<doc>Inserts the given text into the text field identified by locator.
Use keyword `input password` to insert a password in a text field.</doc>
<status status="PASS" start="2026-05-27T11:00:48.740755" elapsed="0.026951"/>
</kw>
<kw name="Click Element" owner="SapGuiLibrary">
<arg>${SAPSCREEN}/usr/btnBUTTON1</arg>
<doc>Performs a single click on a given element. Used only for buttons, tabs and menu items.</doc>
<status status="PASS" start="2026-05-27T11:00:48.769524" elapsed="0.288486"/>
</kw>
<status status="PASS" start="2026-05-27T11:00:48.466645" elapsed="0.591903"/>
</test>
<test id="s1-s1-s1-t3" name="Проверить значение ячейки в Classic ALV" line="33">
<kw name="Get Row Count" owner="SapGuiLibrary">
<msg time="2026-05-27T11:00:49.155918" level="INFO">${count} = 16</msg>
<var>${count}</var>
<arg>${TABLE}</arg>
<doc>Returns the number of rows found in the specified table.</doc>
<status status="PASS" start="2026-05-27T11:00:49.070483" elapsed="0.086025"/>
</kw>
<kw name="Should Be True" owner="BuiltIn">
<arg>${count} &gt; 0</arg>
<doc>Fails if the given condition is not true.</doc>
<status status="PASS" start="2026-05-27T11:00:49.156900" elapsed="0.000957"/>
</kw>
<status status="PASS" start="2026-05-27T11:00:49.065645" elapsed="0.092760"/>
</test>
<status status="PASS" start="2026-05-27T11:00:46.269911" elapsed="2.909691"/>
</suite>
<status status="PASS" start="2026-05-27T11:00:46.258590" elapsed="2.949072"/>
</suite>
<status status="PASS" start="2026-05-27T11:00:46.220541" elapsed="2.994550"/>
</suite>
<statistics>
<total>
<stat pass="3" fail="0" skip="0">All Tests</stat>
</total>
<tag>
</tag>
<suite>
<stat name="01 First demo" id="s1" pass="3" fail="0" skip="0">01 First demo</stat>
<stat name="Tests" id="s1-s1" pass="3" fail="0" skip="0">01 First demo.Tests</stat>
<stat name="Sap 2" id="s1-s1-s1" pass="3" fail="0" skip="0">01 First demo.Tests.Sap 2</stat>
</suite>
</statistics>
<errors>
</errors>
</robot>
